[debug] [2026-02-02T14:02:33.841Z] ----------------------------------------------------------------------
[debug] [2026-02-02T14:02:33.843Z] Command:       /home/dev2u8a/.nvm/versions/node/v24.13.0/bin/node /home/dev2u8a/.nvm/versions/node/v24.13.0/bin/firebase hosting:disable
[debug] [2026-02-02T14:02:33.843Z] CLI Version:   15.5.1
[debug] [2026-02-02T14:02:33.843Z] Platform:      linux
[debug] [2026-02-02T14:02:33.843Z] Node Version:  v24.13.0
[debug] [2026-02-02T14:02:33.843Z] Time:          Mon Feb 02 2026 23:02:33 GMT+0900 (日本標準時)
[debug] [2026-02-02T14:02:33.843Z] ----------------------------------------------------------------------
[debug] 
[debug] [2026-02-02T14:02:33.844Z] >>> [apiv2][query] GET https://firebase-public.firebaseio.com/cli.json [none]
[debug] [2026-02-02T14:02:33.991Z] > command requires scopes: ["email","openid","https://www.googleapis.com/auth/cloudplatformprojects.readonly","https://www.googleapis.com/auth/firebase","https://www.googleapis.com/auth/cloud-platform"]
[debug] [2026-02-02T14:02:33.991Z] > authorizing via signed-in user (yuima108@icloud.com)
[debug] [2026-02-02T14:02:33.991Z] [iam] checking project mizuho-basuroke-f370e for permissions ["firebase.projects.get","firebasehosting.sites.update"]
[debug] [2026-02-02T14:02:33.991Z] Checked if tokens are valid: false, expires at: 1770017035587
[debug] [2026-02-02T14:02:33.991Z] Checked if tokens are valid: false, expires at: 1770017035587
[debug] [2026-02-02T14:02:33.991Z] > refreshing access token with scopes: []
[debug] [2026-02-02T14:02:33.992Z] >>> [apiv2][query] POST https://www.googleapis.com/oauth2/v3/token [none]
[debug] [2026-02-02T14:02:33.992Z] >>> [apiv2][body] POST https://www.googleapis.com/oauth2/v3/token [omitted]
[debug] [2026-02-02T14:02:34.343Z] <<< [apiv2][status] GET https://firebase-public.firebaseio.com/cli.json 200
[debug] [2026-02-02T14:02:34.343Z] <<< [apiv2][body] GET https://firebase-public.firebaseio.com/cli.json {"cloudBuildErrorAfter":1594252800000,"cloudBuildWarnAfter":1590019200000,"defaultNode10After":1594252800000,"minVersion":"3.0.5","node8DeploysDisabledAfter":1613390400000,"node8RuntimeDisabledAfter":1615809600000,"node8WarnAfter":1600128000000}
[debug] [2026-02-02T14:02:49.072Z] *** [apiv2] error from fetch(https://www.googleapis.com/oauth2/v3/token, {"headers":{},"method":"POST","body":{"_overheadLength":545,"_valueLength":212,"_valuesToMeasure":[],"writable":false,"readable":true,"dataSize":0,"maxDataSize":2097152,"pauseStreams":true,"_released":true,"_streams":[],"_currentStream":null,"_insideLoop":false,"_pendingNext":false,"_boundary":"--------------------------1ca6406305ee0323b473f3eb","_events":{},"_eventsCount":1}}): FetchError: request to https://www.googleapis.com/oauth2/v3/token failed, reason: getaddrinfo EAI_AGAIN www.googleapis.com
[error] Authentication Error: Your credentials are no longer valid. Please run firebase login --reauth

For CI servers and headless environments, generate a new token with firebase login:ci
[debug] [2026-02-02T14:02:49.073Z] [iam] error while checking permissions, command may fail: Authentication Error: Your credentials are no longer valid. Please run firebase login --reauth

For CI servers and headless environments, generate a new token with firebase login:ci
[debug] [2026-02-02T14:02:49.073Z] Checked if tokens are valid: false, expires at: 1770017035587
[debug] [2026-02-02T14:02:49.073Z] Checked if tokens are valid: false, expires at: 1770017035587
[debug] [2026-02-02T14:02:49.073Z] > refreshing access token with scopes: []
[debug] [2026-02-02T14:02:49.073Z] >>> [apiv2][query] POST https://www.googleapis.com/oauth2/v3/token [none]
[debug] [2026-02-02T14:02:49.073Z] >>> [apiv2][body] POST https://www.googleapis.com/oauth2/v3/token [omitted]
[debug] [2026-02-02T14:03:04.183Z] *** [apiv2] error from fetch(https://www.googleapis.com/oauth2/v3/token, {"headers":{},"method":"POST","body":{"_overheadLength":545,"_valueLength":212,"_valuesToMeasure":[],"writable":false,"readable":true,"dataSize":0,"maxDataSize":2097152,"pauseStreams":true,"_released":true,"_streams":[],"_currentStream":null,"_insideLoop":false,"_pendingNext":false,"_boundary":"--------------------------4f46425b6e4feb7fc2031c64","_events":{},"_eventsCount":1}}): FetchError: request to https://www.googleapis.com/oauth2/v3/token failed, reason: getaddrinfo EAI_AGAIN www.googleapis.com
[error] Authentication Error: Your credentials are no longer valid. Please run firebase login --reauth

For CI servers and headless environments, generate a new token with firebase login:ci
[debug] [2026-02-02T14:03:04.184Z] Authentication Error: Your credentials are no longer valid. Please run firebase login --reauth

For CI servers and headless environments, generate a new token with firebase login:ci
[debug] [2026-02-02T14:03:04.251Z] FirebaseError: Authentication Error: Your credentials are no longer valid. Please run firebase login --reauth

For CI servers and headless environments, generate a new token with firebase login:ci
    at invalidCredentialError (/home/dev2u8a/.nvm/versions/node/v24.13.0/lib/node_modules/firebase-tools/lib/auth.js:177:12)
    at refreshTokens (/home/dev2u8a/.nvm/versions/node/v24.13.0/lib/node_modules/firebase-tools/lib/auth.js:590:15)
    at process.processTicksAndRejections (node:internal/process/task_queues:103:5)
    at async getAccessToken (/home/dev2u8a/.nvm/versions/node/v24.13.0/lib/node_modules/firebase-tools/lib/apiv2.js:49:18)
    at async Client.addAuthHeader (/home/dev2u8a/.nvm/versions/node/v24.13.0/lib/node_modules/firebase-tools/lib/apiv2.js:179:21)
    at async Client.request (/home/dev2u8a/.nvm/versions/node/v24.13.0/lib/node_modules/firebase-tools/lib/apiv2.js:126:34)
    at async getFirebaseProject (/home/dev2u8a/.nvm/versions/node/v24.13.0/lib/node_modules/firebase-tools/lib/management/projects.js:361:21)
    at async getDefaultHostingSite (/home/dev2u8a/.nvm/versions/node/v24.13.0/lib/node_modules/firebase-tools/lib/getDefaultHostingSite.js:14:21)
    at async Object.requireHostingSite [as fn] (/home/dev2u8a/.nvm/versions/node/v24.13.0/lib/node_modules/firebase-tools/lib/requireHostingSite.js:9:18)
    at async /home/dev2u8a/.nvm/versions/node/v24.13.0/lib/node_modules/firebase-tools/lib/command.js:264:17
[error] 
[error] Error: Failed to get Firebase project mizuho-basuroke-f370e. Please make sure the project exists and your account has permission to access it.
