[debug] [2026-02-19T08:47:52.037Z] ----------------------------------------------------------------------
[debug] [2026-02-19T08:47:52.040Z] Command:       C:\Program Files (x86)\nodejs\node.exe C:\Users\2u8a\AppData\Roaming\npm\node_modules\firebase-tools\lib\bin\firebase.js deploy --only functions
[debug] [2026-02-19T08:47:52.040Z] CLI Version:   15.6.0
[debug] [2026-02-19T08:47:52.040Z] Platform:      win32
[debug] [2026-02-19T08:47:52.040Z] Node Version:  v22.17.0
[debug] [2026-02-19T08:47:52.040Z] Time:          Thu Feb 19 2026 17:47:52 GMT+0900 (日本標準時)
[debug] [2026-02-19T08:47:52.041Z] ----------------------------------------------------------------------
[debug] 
[debug] [2026-02-19T08:47:53.551Z] > command requires scopes: ["email","openid","https://www.googleapis.com/auth/cloudplatformprojects.readonly","https://www.googleapis.com/auth/firebase","https://www.googleapis.com/auth/cloud-platform"]
[debug] [2026-02-19T08:47:53.552Z] > authorizing via signed-in user (yuima108.dev@gmail.com)
[debug] [2026-02-19T08:47:53.552Z] [iam] checking project mizuho-basuroke-f370e for permissions ["cloudfunctions.functions.create","cloudfunctions.functions.delete","cloudfunctions.functions.get","cloudfunctions.functions.list","cloudfunctions.functions.update","cloudfunctions.operations.get","firebase.projects.get"]
[debug] [2026-02-19T08:47:53.553Z] Checked if tokens are valid: true, expires at: 1771494067399
[debug] [2026-02-19T08:47:53.553Z] Checked if tokens are valid: true, expires at: 1771494067399
[debug] [2026-02-19T08:47:53.553Z] >>> [apiv2][query] POST https://cloudresourcemanager.googleapis.com/v1/projects/mizuho-basuroke-f370e:testIamPermissions [none]
[debug] [2026-02-19T08:47:53.553Z] >>> [apiv2][(partial)header] POST https://cloudresourcemanager.googleapis.com/v1/projects/mizuho-basuroke-f370e:testIamPermissions  x-goog-user-project=mizuho-basuroke-f370e
[debug] [2026-02-19T08:47:53.554Z] >>> [apiv2][body] POST https://cloudresourcemanager.googleapis.com/v1/projects/mizuho-basuroke-f370e:testIamPermissions {"permissions":["cloudfunctions.functions.create","cloudfunctions.functions.delete","cloudfunctions.functions.get","cloudfunctions.functions.list","cloudfunctions.functions.update","cloudfunctions.operations.get","firebase.projects.get"]}
[debug] [2026-02-19T08:47:53.766Z] <<< [apiv2][status] POST https://cloudresourcemanager.googleapis.com/v1/projects/mizuho-basuroke-f370e:testIamPermissions 200
[debug] [2026-02-19T08:47:53.766Z] <<< [apiv2][body] POST https://cloudresourcemanager.googleapis.com/v1/projects/mizuho-basuroke-f370e:testIamPermissions {"permissions":["cloudfunctions.functions.create","cloudfunctions.functions.delete","cloudfunctions.functions.get","cloudfunctions.functions.list","cloudfunctions.functions.update","cloudfunctions.operations.get","firebase.projects.get"]}
[debug] [2026-02-19T08:47:53.766Z] Checked if tokens are valid: true, expires at: 1771494067399
[debug] [2026-02-19T08:47:53.766Z] Checked if tokens are valid: true, expires at: 1771494067399
[debug] [2026-02-19T08:47:53.767Z] >>> [apiv2][query] POST https://iam.googleapis.com/v1/projects/mizuho-basuroke-f370e/serviceAccounts/mizuho-basuroke-f370e@appspot.gserviceaccount.com:testIamPermissions [none]
[debug] [2026-02-19T08:47:53.767Z] >>> [apiv2][body] POST https://iam.googleapis.com/v1/projects/mizuho-basuroke-f370e/serviceAccounts/mizuho-basuroke-f370e@appspot.gserviceaccount.com:testIamPermissions {"permissions":["iam.serviceAccounts.actAs"]}
[debug] [2026-02-19T08:47:53.987Z] <<< [apiv2][status] POST https://iam.googleapis.com/v1/projects/mizuho-basuroke-f370e/serviceAccounts/mizuho-basuroke-f370e@appspot.gserviceaccount.com:testIamPermissions 200
[debug] [2026-02-19T08:47:53.987Z] <<< [apiv2][body] POST https://iam.googleapis.com/v1/projects/mizuho-basuroke-f370e/serviceAccounts/mizuho-basuroke-f370e@appspot.gserviceaccount.com:testIamPermissions {"permissions":["iam.serviceAccounts.actAs"]}
[info] 
[info] === Deploying to 'mizuho-basuroke-f370e'...
[info] 
[info] i  deploying functions 
[debug] [2026-02-19T08:47:53.990Z] Checked if tokens are valid: true, expires at: 1771494067399
[debug] [2026-02-19T08:47:53.990Z] Checked if tokens are valid: true, expires at: 1771494067399
[debug] [2026-02-19T08:47:53.990Z] >>> [apiv2][query] GET https://cloudresourcemanager.googleapis.com/v1/projects/mizuho-basuroke-f370e [none]
[debug] [2026-02-19T08:47:54.251Z] <<< [apiv2][status] GET https://cloudresourcemanager.googleapis.com/v1/projects/mizuho-basuroke-f370e 200
[debug] [2026-02-19T08:47:54.251Z] <<< [apiv2][body] GET https://cloudresourcemanager.googleapis.com/v1/projects/mizuho-basuroke-f370e {"projectNumber":"352170837881","projectId":"mizuho-basuroke-f370e","lifecycleState":"ACTIVE","name":"mizuho-basuroke","labels":{"firebase":"enabled","firebase-core":"disabled"},"createTime":"2026-02-01T11:22:40.025976Z"}
[info] i  functions: preparing codebase default for deployment 
[info] i  functions: ensuring required API cloudfunctions.googleapis.com is enabled... 
[info] i  functions: ensuring required API cloudbuild.googleapis.com is enabled... 
[info] i  artifactregistry: ensuring required API artifactregistry.googleapis.com is enabled... 
[debug] [2026-02-19T08:47:54.253Z] Checked if tokens are valid: true, expires at: 1771494067399
[debug] [2026-02-19T08:47:54.253Z] Checked if tokens are valid: true, expires at: 1771494067399
[debug] [2026-02-19T08:47:54.253Z] >>> [apiv2][query] GET https://firebase.googleapis.com/v1beta1/projects/mizuho-basuroke-f370e/adminSdkConfig [none]
[debug] [2026-02-19T08:47:54.612Z] <<< [apiv2][status] GET https://firebase.googleapis.com/v1beta1/projects/mizuho-basuroke-f370e/adminSdkConfig 200
[debug] [2026-02-19T08:47:54.612Z] <<< [apiv2][body] GET https://firebase.googleapis.com/v1beta1/projects/mizuho-basuroke-f370e/adminSdkConfig {"projectId":"mizuho-basuroke-f370e","databaseURL":"https://mizuho-basuroke-f370e-default-rtdb.asia-southeast1.firebasedatabase.app","storageBucket":"mizuho-basuroke-f370e.firebasestorage.app"}
[debug] [2026-02-19T08:47:54.613Z] Customer code is not Node
[debug] [2026-02-19T08:47:54.613Z] Validating python source
[debug] [2026-02-19T08:47:54.613Z] Building python source
[info] i  functions: Loading and analyzing source code for codebase default to determine what to deploy 
[debug] [2026-02-19T08:47:54.614Z] Could not find functions.yaml. Must use http discovery
[debug] [2026-02-19T08:47:54.624Z] Running command with virtualenv: command="C:\mizuho-basuroke\backend\venv\Scripts\activate.bat", args=["","&&","python.exe","-c","\"import firebase_functions; import os; print(os.path.dirname(firebase_functions.__file__))\""]
[debug] [2026-02-19T08:47:54.757Z] stderr: Traceback (most recent call last):

[debug] [2026-02-19T08:47:54.759Z] stderr:   File "<string>", line 1, in <module>
    import firebase_functions; import os; print(os.path.dirname(firebase_functions.__file__))
    ^^^^^^^^^^^^^^^^^^^^^^^^^
ModuleNotFoundError: No module named 'firebase_functions'

[debug] [2026-02-19T08:47:54.768Z] Error: spawn "C:\mizuho-basuroke\backend\venv\Scripts\activate.bat" ENOENT
    at notFoundError (C:\Users\2u8a\AppData\Roaming\npm\node_modules\firebase-tools\node_modules\cross-spawn\lib\enoent.js:6:26)
    at verifyENOENT (C:\Users\2u8a\AppData\Roaming\npm\node_modules\firebase-tools\node_modules\cross-spawn\lib\enoent.js:40:16)
    at cp.emit (C:\Users\2u8a\AppData\Roaming\npm\node_modules\firebase-tools\node_modules\cross-spawn\lib\enoent.js:27:25)
    at ChildProcess._handle.onexit (node:internal/child_process:293:12)
[error] 
[error] Error: An unexpected error has occurred.
[debug] [2026-02-19T08:48:24.934Z] ----------------------------------------------------------------------
[debug] [2026-02-19T08:48:24.936Z] Command:       C:\Program Files (x86)\nodejs\node.exe C:\Users\2u8a\AppData\Roaming\npm\node_modules\firebase-tools\lib\bin\firebase.js deploy --only functions
[debug] [2026-02-19T08:48:24.936Z] CLI Version:   15.6.0
[debug] [2026-02-19T08:48:24.936Z] Platform:      win32
[debug] [2026-02-19T08:48:24.936Z] Node Version:  v22.17.0
[debug] [2026-02-19T08:48:24.937Z] Time:          Thu Feb 19 2026 17:48:24 GMT+0900 (日本標準時)
[debug] [2026-02-19T08:48:24.937Z] ----------------------------------------------------------------------
[debug] 
[debug] [2026-02-19T08:48:26.398Z] > command requires scopes: ["email","openid","https://www.googleapis.com/auth/cloudplatformprojects.readonly","https://www.googleapis.com/auth/firebase","https://www.googleapis.com/auth/cloud-platform"]
[debug] [2026-02-19T08:48:26.398Z] > authorizing via signed-in user (yuima108.dev@gmail.com)
[debug] [2026-02-19T08:48:26.398Z] [iam] checking project mizuho-basuroke-f370e for permissions ["cloudfunctions.functions.create","cloudfunctions.functions.delete","cloudfunctions.functions.get","cloudfunctions.functions.list","cloudfunctions.functions.update","cloudfunctions.operations.get","firebase.projects.get"]
[debug] [2026-02-19T08:48:26.399Z] Checked if tokens are valid: true, expires at: 1771494067399
[debug] [2026-02-19T08:48:26.399Z] Checked if tokens are valid: true, expires at: 1771494067399
[debug] [2026-02-19T08:48:26.400Z] >>> [apiv2][query] POST https://cloudresourcemanager.googleapis.com/v1/projects/mizuho-basuroke-f370e:testIamPermissions [none]
[debug] [2026-02-19T08:48:26.400Z] >>> [apiv2][(partial)header] POST https://cloudresourcemanager.googleapis.com/v1/projects/mizuho-basuroke-f370e:testIamPermissions  x-goog-user-project=mizuho-basuroke-f370e
[debug] [2026-02-19T08:48:26.400Z] >>> [apiv2][body] POST https://cloudresourcemanager.googleapis.com/v1/projects/mizuho-basuroke-f370e:testIamPermissions {"permissions":["cloudfunctions.functions.create","cloudfunctions.functions.delete","cloudfunctions.functions.get","cloudfunctions.functions.list","cloudfunctions.functions.update","cloudfunctions.operations.get","firebase.projects.get"]}
[debug] [2026-02-19T08:48:27.058Z] <<< [apiv2][status] POST https://cloudresourcemanager.googleapis.com/v1/projects/mizuho-basuroke-f370e:testIamPermissions 200
[debug] [2026-02-19T08:48:27.058Z] <<< [apiv2][body] POST https://cloudresourcemanager.googleapis.com/v1/projects/mizuho-basuroke-f370e:testIamPermissions {"permissions":["cloudfunctions.functions.create","cloudfunctions.functions.delete","cloudfunctions.functions.get","cloudfunctions.functions.list","cloudfunctions.functions.update","cloudfunctions.operations.get","firebase.projects.get"]}
[debug] [2026-02-19T08:48:27.058Z] Checked if tokens are valid: true, expires at: 1771494067399
[debug] [2026-02-19T08:48:27.058Z] Checked if tokens are valid: true, expires at: 1771494067399
[debug] [2026-02-19T08:48:27.058Z] >>> [apiv2][query] POST https://iam.googleapis.com/v1/projects/mizuho-basuroke-f370e/serviceAccounts/mizuho-basuroke-f370e@appspot.gserviceaccount.com:testIamPermissions [none]
[debug] [2026-02-19T08:48:27.058Z] >>> [apiv2][body] POST https://iam.googleapis.com/v1/projects/mizuho-basuroke-f370e/serviceAccounts/mizuho-basuroke-f370e@appspot.gserviceaccount.com:testIamPermissions {"permissions":["iam.serviceAccounts.actAs"]}
[debug] [2026-02-19T08:48:27.948Z] <<< [apiv2][status] POST https://iam.googleapis.com/v1/projects/mizuho-basuroke-f370e/serviceAccounts/mizuho-basuroke-f370e@appspot.gserviceaccount.com:testIamPermissions 200
[debug] [2026-02-19T08:48:27.949Z] <<< [apiv2][body] POST https://iam.googleapis.com/v1/projects/mizuho-basuroke-f370e/serviceAccounts/mizuho-basuroke-f370e@appspot.gserviceaccount.com:testIamPermissions {"permissions":["iam.serviceAccounts.actAs"]}
[info] 
[info] === Deploying to 'mizuho-basuroke-f370e'...
[info] 
[info] i  deploying functions 
[debug] [2026-02-19T08:48:27.951Z] Checked if tokens are valid: true, expires at: 1771494067399
[debug] [2026-02-19T08:48:27.951Z] Checked if tokens are valid: true, expires at: 1771494067399
[debug] [2026-02-19T08:48:27.952Z] >>> [apiv2][query] GET https://cloudresourcemanager.googleapis.com/v1/projects/mizuho-basuroke-f370e [none]
[debug] [2026-02-19T08:48:28.123Z] <<< [apiv2][status] GET https://cloudresourcemanager.googleapis.com/v1/projects/mizuho-basuroke-f370e 200
[debug] [2026-02-19T08:48:28.123Z] <<< [apiv2][body] GET https://cloudresourcemanager.googleapis.com/v1/projects/mizuho-basuroke-f370e {"projectNumber":"352170837881","projectId":"mizuho-basuroke-f370e","lifecycleState":"ACTIVE","name":"mizuho-basuroke","labels":{"firebase":"enabled","firebase-core":"disabled"},"createTime":"2026-02-01T11:22:40.025976Z"}
[info] i  functions: preparing codebase default for deployment 
[info] i  functions: ensuring required API cloudfunctions.googleapis.com is enabled... 
[info] i  functions: ensuring required API cloudbuild.googleapis.com is enabled... 
[info] i  artifactregistry: ensuring required API artifactregistry.googleapis.com is enabled... 
[debug] [2026-02-19T08:48:28.125Z] Checked if tokens are valid: true, expires at: 1771494067399
[debug] [2026-02-19T08:48:28.125Z] Checked if tokens are valid: true, expires at: 1771494067399
[debug] [2026-02-19T08:48:28.125Z] >>> [apiv2][query] GET https://firebase.googleapis.com/v1beta1/projects/mizuho-basuroke-f370e/adminSdkConfig [none]
[debug] [2026-02-19T08:48:28.526Z] <<< [apiv2][status] GET https://firebase.googleapis.com/v1beta1/projects/mizuho-basuroke-f370e/adminSdkConfig 200
[debug] [2026-02-19T08:48:28.526Z] <<< [apiv2][body] GET https://firebase.googleapis.com/v1beta1/projects/mizuho-basuroke-f370e/adminSdkConfig {"projectId":"mizuho-basuroke-f370e","databaseURL":"https://mizuho-basuroke-f370e-default-rtdb.asia-southeast1.firebasedatabase.app","storageBucket":"mizuho-basuroke-f370e.firebasestorage.app"}
[debug] [2026-02-19T08:48:28.527Z] Customer code is not Node
[debug] [2026-02-19T08:48:28.528Z] Validating python source
[debug] [2026-02-19T08:48:28.528Z] Building python source
[info] i  functions: Loading and analyzing source code for codebase default to determine what to deploy 
[debug] [2026-02-19T08:48:28.528Z] Could not find functions.yaml. Must use http discovery
[debug] [2026-02-19T08:48:28.538Z] Running command with virtualenv: command="C:\mizuho-basuroke\backend\venv\Scripts\activate.bat", args=["","&&","python.exe","-c","\"import firebase_functions; import os; print(os.path.dirname(firebase_functions.__file__))\""]
[debug] [2026-02-19T08:48:28.655Z] stderr: Traceback (most recent call last):

[debug] [2026-02-19T08:48:28.657Z] stderr:   File "<string>", line 1, in <module>
    import firebase_functions; import os; print(os.path.dirname(firebase_functions.__file__))
    ^^^^^^^^^^^^^^^^^^^^^^^^^
ModuleNotFoundError: No module named 'firebase_functions'

[debug] [2026-02-19T08:48:28.667Z] Error: spawn "C:\mizuho-basuroke\backend\venv\Scripts\activate.bat" ENOENT
    at notFoundError (C:\Users\2u8a\AppData\Roaming\npm\node_modules\firebase-tools\node_modules\cross-spawn\lib\enoent.js:6:26)
    at verifyENOENT (C:\Users\2u8a\AppData\Roaming\npm\node_modules\firebase-tools\node_modules\cross-spawn\lib\enoent.js:40:16)
    at cp.emit (C:\Users\2u8a\AppData\Roaming\npm\node_modules\firebase-tools\node_modules\cross-spawn\lib\enoent.js:27:25)
    at ChildProcess._handle.onexit (node:internal/child_process:293:12)
[error] 
[error] Error: An unexpected error has occurred.
[debug] [2026-02-19T09:25:12.299Z] ----------------------------------------------------------------------
[debug] [2026-02-19T09:25:12.302Z] Command:       C:\Program Files (x86)\nodejs\node.exe C:\Users\2u8a\AppData\Roaming\npm\node_modules\firebase-tools\lib\bin\firebase.js deploy --only functions
[debug] [2026-02-19T09:25:12.302Z] CLI Version:   15.6.0
[debug] [2026-02-19T09:25:12.302Z] Platform:      win32
[debug] [2026-02-19T09:25:12.302Z] Node Version:  v22.17.0
[debug] [2026-02-19T09:25:12.303Z] Time:          Thu Feb 19 2026 18:25:12 GMT+0900 (日本標準時)
[debug] [2026-02-19T09:25:12.303Z] ----------------------------------------------------------------------
[debug] 
[debug] [2026-02-19T09:25:13.845Z] > command requires scopes: ["email","openid","https://www.googleapis.com/auth/cloudplatformprojects.readonly","https://www.googleapis.com/auth/firebase","https://www.googleapis.com/auth/cloud-platform"]
[debug] [2026-02-19T09:25:13.845Z] > authorizing via signed-in user (yuima108.dev@gmail.com)
[debug] [2026-02-19T09:25:13.845Z] [iam] checking project mizuho-basuroke-f370e for permissions ["cloudfunctions.functions.create","cloudfunctions.functions.delete","cloudfunctions.functions.get","cloudfunctions.functions.list","cloudfunctions.functions.update","cloudfunctions.operations.get","firebase.projects.get"]
[debug] [2026-02-19T09:25:13.846Z] Checked if tokens are valid: true, expires at: 1771494067399
[debug] [2026-02-19T09:25:13.846Z] Checked if tokens are valid: true, expires at: 1771494067399
[debug] [2026-02-19T09:25:13.847Z] >>> [apiv2][query] POST https://cloudresourcemanager.googleapis.com/v1/projects/mizuho-basuroke-f370e:testIamPermissions [none]
[debug] [2026-02-19T09:25:13.847Z] >>> [apiv2][(partial)header] POST https://cloudresourcemanager.googleapis.com/v1/projects/mizuho-basuroke-f370e:testIamPermissions  x-goog-user-project=mizuho-basuroke-f370e
[debug] [2026-02-19T09:25:13.847Z] >>> [apiv2][body] POST https://cloudresourcemanager.googleapis.com/v1/projects/mizuho-basuroke-f370e:testIamPermissions {"permissions":["cloudfunctions.functions.create","cloudfunctions.functions.delete","cloudfunctions.functions.get","cloudfunctions.functions.list","cloudfunctions.functions.update","cloudfunctions.operations.get","firebase.projects.get"]}
[debug] [2026-02-19T09:25:14.525Z] <<< [apiv2][status] POST https://cloudresourcemanager.googleapis.com/v1/projects/mizuho-basuroke-f370e:testIamPermissions 200
[debug] [2026-02-19T09:25:14.525Z] <<< [apiv2][body] POST https://cloudresourcemanager.googleapis.com/v1/projects/mizuho-basuroke-f370e:testIamPermissions {"permissions":["cloudfunctions.functions.create","cloudfunctions.functions.delete","cloudfunctions.functions.get","cloudfunctions.functions.list","cloudfunctions.functions.update","cloudfunctions.operations.get","firebase.projects.get"]}
[debug] [2026-02-19T09:25:14.525Z] Checked if tokens are valid: true, expires at: 1771494067399
[debug] [2026-02-19T09:25:14.525Z] Checked if tokens are valid: true, expires at: 1771494067399
[debug] [2026-02-19T09:25:14.525Z] >>> [apiv2][query] POST https://iam.googleapis.com/v1/projects/mizuho-basuroke-f370e/serviceAccounts/mizuho-basuroke-f370e@appspot.gserviceaccount.com:testIamPermissions [none]
[debug] [2026-02-19T09:25:14.525Z] >>> [apiv2][body] POST https://iam.googleapis.com/v1/projects/mizuho-basuroke-f370e/serviceAccounts/mizuho-basuroke-f370e@appspot.gserviceaccount.com:testIamPermissions {"permissions":["iam.serviceAccounts.actAs"]}
[debug] [2026-02-19T09:25:15.413Z] <<< [apiv2][status] POST https://iam.googleapis.com/v1/projects/mizuho-basuroke-f370e/serviceAccounts/mizuho-basuroke-f370e@appspot.gserviceaccount.com:testIamPermissions 200
[debug] [2026-02-19T09:25:15.413Z] <<< [apiv2][body] POST https://iam.googleapis.com/v1/projects/mizuho-basuroke-f370e/serviceAccounts/mizuho-basuroke-f370e@appspot.gserviceaccount.com:testIamPermissions {"permissions":["iam.serviceAccounts.actAs"]}
[info] 
[info] === Deploying to 'mizuho-basuroke-f370e'...
[info] 
[info] i  deploying functions 
[debug] [2026-02-19T09:25:15.416Z] Checked if tokens are valid: true, expires at: 1771494067399
[debug] [2026-02-19T09:25:15.416Z] Checked if tokens are valid: true, expires at: 1771494067399
[debug] [2026-02-19T09:25:15.417Z] >>> [apiv2][query] GET https://cloudresourcemanager.googleapis.com/v1/projects/mizuho-basuroke-f370e [none]
[debug] [2026-02-19T09:25:15.597Z] <<< [apiv2][status] GET https://cloudresourcemanager.googleapis.com/v1/projects/mizuho-basuroke-f370e 200
[debug] [2026-02-19T09:25:15.597Z] <<< [apiv2][body] GET https://cloudresourcemanager.googleapis.com/v1/projects/mizuho-basuroke-f370e {"projectNumber":"352170837881","projectId":"mizuho-basuroke-f370e","lifecycleState":"ACTIVE","name":"mizuho-basuroke","labels":{"firebase":"enabled","firebase-core":"disabled"},"createTime":"2026-02-01T11:22:40.025976Z"}
[info] i  functions: preparing codebase default for deployment 
[info] i  functions: ensuring required API cloudfunctions.googleapis.com is enabled... 
[info] i  functions: ensuring required API cloudbuild.googleapis.com is enabled... 
[info] i  artifactregistry: ensuring required API artifactregistry.googleapis.com is enabled... 
[debug] [2026-02-19T09:25:15.599Z] Checked if tokens are valid: true, expires at: 1771494067399
[debug] [2026-02-19T09:25:15.599Z] Checked if tokens are valid: true, expires at: 1771494067399
[debug] [2026-02-19T09:25:15.599Z] >>> [apiv2][query] GET https://firebase.googleapis.com/v1beta1/projects/mizuho-basuroke-f370e/adminSdkConfig [none]
[debug] [2026-02-19T09:25:15.909Z] <<< [apiv2][status] GET https://firebase.googleapis.com/v1beta1/projects/mizuho-basuroke-f370e/adminSdkConfig 200
[debug] [2026-02-19T09:25:15.909Z] <<< [apiv2][body] GET https://firebase.googleapis.com/v1beta1/projects/mizuho-basuroke-f370e/adminSdkConfig {"projectId":"mizuho-basuroke-f370e","databaseURL":"https://mizuho-basuroke-f370e-default-rtdb.asia-southeast1.firebasedatabase.app","storageBucket":"mizuho-basuroke-f370e.firebasestorage.app"}
[debug] [2026-02-19T09:25:15.910Z] Customer code is not Node
[debug] [2026-02-19T09:25:15.911Z] Validating python source
[debug] [2026-02-19T09:25:15.911Z] Building python source
[info] i  functions: Loading and analyzing source code for codebase default to determine what to deploy 
[debug] [2026-02-19T09:25:15.911Z] Could not find functions.yaml. Must use http discovery
[debug] [2026-02-19T09:25:15.921Z] Running command with virtualenv: command="C:\mizuho-basuroke\backend\venv\Scripts\activate.bat", args=["","&&","python.exe","-c","\"import firebase_functions; import os; print(os.path.dirname(firebase_functions.__file__))\""]
[debug] [2026-02-19T09:25:16.047Z] stderr: Traceback (most recent call last):
  File "<string>", line 1, in <module>
ModuleNotFoundError: No module named 'firebase_functions'

[debug] [2026-02-19T09:25:16.055Z] Error: spawn "C:\mizuho-basuroke\backend\venv\Scripts\activate.bat" ENOENT
    at notFoundError (C:\Users\2u8a\AppData\Roaming\npm\node_modules\firebase-tools\node_modules\cross-spawn\lib\enoent.js:6:26)
    at verifyENOENT (C:\Users\2u8a\AppData\Roaming\npm\node_modules\firebase-tools\node_modules\cross-spawn\lib\enoent.js:40:16)
    at cp.emit (C:\Users\2u8a\AppData\Roaming\npm\node_modules\firebase-tools\node_modules\cross-spawn\lib\enoent.js:27:25)
    at ChildProcess._handle.onexit (node:internal/child_process:293:12)
[error] 
[error] Error: An unexpected error has occurred.
[debug] [2026-02-19T09:25:26.590Z] ----------------------------------------------------------------------
[debug] [2026-02-19T09:25:26.592Z] Command:       C:\Program Files (x86)\nodejs\node.exe C:\Users\2u8a\AppData\Roaming\npm\node_modules\firebase-tools\lib\bin\firebase.js deploy --only functions
[debug] [2026-02-19T09:25:26.593Z] CLI Version:   15.6.0
[debug] [2026-02-19T09:25:26.593Z] Platform:      win32
[debug] [2026-02-19T09:25:26.593Z] Node Version:  v22.17.0
[debug] [2026-02-19T09:25:26.593Z] Time:          Thu Feb 19 2026 18:25:26 GMT+0900 (日本標準時)
[debug] [2026-02-19T09:25:26.593Z] ----------------------------------------------------------------------
[debug] 
[debug] [2026-02-19T09:25:28.089Z] > command requires scopes: ["email","openid","https://www.googleapis.com/auth/cloudplatformprojects.readonly","https://www.googleapis.com/auth/firebase","https://www.googleapis.com/auth/cloud-platform"]
[debug] [2026-02-19T09:25:28.089Z] > authorizing via signed-in user (yuima108.dev@gmail.com)
[debug] [2026-02-19T09:25:28.089Z] [iam] checking project mizuho-basuroke-f370e for permissions ["cloudfunctions.functions.create","cloudfunctions.functions.delete","cloudfunctions.functions.get","cloudfunctions.functions.list","cloudfunctions.functions.update","cloudfunctions.operations.get","firebase.projects.get"]
[debug] [2026-02-19T09:25:28.090Z] Checked if tokens are valid: true, expires at: 1771494067399
[debug] [2026-02-19T09:25:28.090Z] Checked if tokens are valid: true, expires at: 1771494067399
[debug] [2026-02-19T09:25:28.091Z] >>> [apiv2][query] POST https://cloudresourcemanager.googleapis.com/v1/projects/mizuho-basuroke-f370e:testIamPermissions [none]
[debug] [2026-02-19T09:25:28.091Z] >>> [apiv2][(partial)header] POST https://cloudresourcemanager.googleapis.com/v1/projects/mizuho-basuroke-f370e:testIamPermissions  x-goog-user-project=mizuho-basuroke-f370e
[debug] [2026-02-19T09:25:28.091Z] >>> [apiv2][body] POST https://cloudresourcemanager.googleapis.com/v1/projects/mizuho-basuroke-f370e:testIamPermissions {"permissions":["cloudfunctions.functions.create","cloudfunctions.functions.delete","cloudfunctions.functions.get","cloudfunctions.functions.list","cloudfunctions.functions.update","cloudfunctions.operations.get","firebase.projects.get"]}
[debug] [2026-02-19T09:25:28.759Z] <<< [apiv2][status] POST https://cloudresourcemanager.googleapis.com/v1/projects/mizuho-basuroke-f370e:testIamPermissions 200
[debug] [2026-02-19T09:25:28.759Z] <<< [apiv2][body] POST https://cloudresourcemanager.googleapis.com/v1/projects/mizuho-basuroke-f370e:testIamPermissions {"permissions":["cloudfunctions.functions.create","cloudfunctions.functions.delete","cloudfunctions.functions.get","cloudfunctions.functions.list","cloudfunctions.functions.update","cloudfunctions.operations.get","firebase.projects.get"]}
[debug] [2026-02-19T09:25:28.759Z] Checked if tokens are valid: true, expires at: 1771494067399
[debug] [2026-02-19T09:25:28.759Z] Checked if tokens are valid: true, expires at: 1771494067399
[debug] [2026-02-19T09:25:28.759Z] >>> [apiv2][query] POST https://iam.googleapis.com/v1/projects/mizuho-basuroke-f370e/serviceAccounts/mizuho-basuroke-f370e@appspot.gserviceaccount.com:testIamPermissions [none]
[debug] [2026-02-19T09:25:28.759Z] >>> [apiv2][body] POST https://iam.googleapis.com/v1/projects/mizuho-basuroke-f370e/serviceAccounts/mizuho-basuroke-f370e@appspot.gserviceaccount.com:testIamPermissions {"permissions":["iam.serviceAccounts.actAs"]}
[debug] [2026-02-19T09:25:29.681Z] <<< [apiv2][status] POST https://iam.googleapis.com/v1/projects/mizuho-basuroke-f370e/serviceAccounts/mizuho-basuroke-f370e@appspot.gserviceaccount.com:testIamPermissions 200
[debug] [2026-02-19T09:25:29.681Z] <<< [apiv2][body] POST https://iam.googleapis.com/v1/projects/mizuho-basuroke-f370e/serviceAccounts/mizuho-basuroke-f370e@appspot.gserviceaccount.com:testIamPermissions {"permissions":["iam.serviceAccounts.actAs"]}
[info] 
[info] === Deploying to 'mizuho-basuroke-f370e'...
[info] 
[info] i  deploying functions 
[debug] [2026-02-19T09:25:29.684Z] Checked if tokens are valid: true, expires at: 1771494067399
[debug] [2026-02-19T09:25:29.684Z] Checked if tokens are valid: true, expires at: 1771494067399
[debug] [2026-02-19T09:25:29.684Z] >>> [apiv2][query] GET https://cloudresourcemanager.googleapis.com/v1/projects/mizuho-basuroke-f370e [none]
[debug] [2026-02-19T09:25:29.850Z] <<< [apiv2][status] GET https://cloudresourcemanager.googleapis.com/v1/projects/mizuho-basuroke-f370e 200
[debug] [2026-02-19T09:25:29.851Z] <<< [apiv2][body] GET https://cloudresourcemanager.googleapis.com/v1/projects/mizuho-basuroke-f370e {"projectNumber":"352170837881","projectId":"mizuho-basuroke-f370e","lifecycleState":"ACTIVE","name":"mizuho-basuroke","labels":{"firebase":"enabled","firebase-core":"disabled"},"createTime":"2026-02-01T11:22:40.025976Z"}
[info] i  functions: preparing codebase default for deployment 
[info] i  functions: ensuring required API cloudfunctions.googleapis.com is enabled... 
[info] i  functions: ensuring required API cloudbuild.googleapis.com is enabled... 
[info] i  artifactregistry: ensuring required API artifactregistry.googleapis.com is enabled... 
[debug] [2026-02-19T09:25:29.853Z] Checked if tokens are valid: true, expires at: 1771494067399
[debug] [2026-02-19T09:25:29.853Z] Checked if tokens are valid: true, expires at: 1771494067399
[debug] [2026-02-19T09:25:29.853Z] >>> [apiv2][query] GET https://firebase.googleapis.com/v1beta1/projects/mizuho-basuroke-f370e/adminSdkConfig [none]
[debug] [2026-02-19T09:25:30.156Z] <<< [apiv2][status] GET https://firebase.googleapis.com/v1beta1/projects/mizuho-basuroke-f370e/adminSdkConfig 200
[debug] [2026-02-19T09:25:30.157Z] <<< [apiv2][body] GET https://firebase.googleapis.com/v1beta1/projects/mizuho-basuroke-f370e/adminSdkConfig {"projectId":"mizuho-basuroke-f370e","databaseURL":"https://mizuho-basuroke-f370e-default-rtdb.asia-southeast1.firebasedatabase.app","storageBucket":"mizuho-basuroke-f370e.firebasestorage.app"}
[debug] [2026-02-19T09:25:30.157Z] Customer code is not Node
[debug] [2026-02-19T09:25:30.158Z] Validating python source
[debug] [2026-02-19T09:25:30.158Z] Building python source
[info] i  functions: Loading and analyzing source code for codebase default to determine what to deploy 
[debug] [2026-02-19T09:25:30.158Z] Could not find functions.yaml. Must use http discovery
[debug] [2026-02-19T09:25:30.169Z] Running command with virtualenv: command="C:\mizuho-basuroke\backend\venv\Scripts\activate.bat", args=["","&&","python.exe","-c","\"import firebase_functions; import os; print(os.path.dirname(firebase_functions.__file__))\""]
[debug] [2026-02-19T09:25:30.276Z] stderr: Traceback (most recent call last):
  File "<string>", line 1, in <module>
ModuleNotFoundError: No module named 'firebase_functions'

[debug] [2026-02-19T09:25:30.283Z] Error: spawn "C:\mizuho-basuroke\backend\venv\Scripts\activate.bat" ENOENT
    at notFoundError (C:\Users\2u8a\AppData\Roaming\npm\node_modules\firebase-tools\node_modules\cross-spawn\lib\enoent.js:6:26)
    at verifyENOENT (C:\Users\2u8a\AppData\Roaming\npm\node_modules\firebase-tools\node_modules\cross-spawn\lib\enoent.js:40:16)
    at cp.emit (C:\Users\2u8a\AppData\Roaming\npm\node_modules\firebase-tools\node_modules\cross-spawn\lib\enoent.js:27:25)
    at ChildProcess._handle.onexit (node:internal/child_process:293:12)
[error] 
[error] Error: An unexpected error has occurred.
